<?xml version="1.0" encoding="UTF-8"?>
<!-- Generated by org.testng.reporters.JUnitReportReporter -->
<testsuite hostname="DESKTOP-LS9633R" failures="0" tests="1" name="Demo.Demo3" time="2.510" errors="0" timestamp="2024-12-04T15:08:22 IST" skipped="0">
  <testcase classname="Demo.Demo3" name="user" time="2.510"/>
</testsuite> <!-- Demo.Demo3 -->
