<?xml version="1.0" encoding="UTF-8"?>
<!-- Generated by org.testng.reporters.JUnitReportReporter -->
<testsuite hostname="DESKTOP-LS9633R" failures="0" tests="1" name="Demo.Demo4" time="2.544" errors="0" timestamp="2024-12-04T17:28:55 IST" skipped="0">
  <testcase classname="Demo.Demo4" name="user" time="2.544"/>
</testsuite> <!-- Demo.Demo4 -->
