<?xml version="1.0" encoding="UTF-8"?>
<!-- Generated by org.testng.reporters.JUnitReportReporter -->
<testsuite hostname="DESKTOP-LS9633R" failures="0" tests="1" name="Demo.Demo6" time="2.226" errors="0" timestamp="2024-12-04T17:48:54 IST" skipped="0">
  <testcase classname="Demo.Demo6" name="user" time="2.226"/>
</testsuite> <!-- Demo.Demo6 -->
