<?xml version="1.0" encoding="UTF-8"?>
<!-- Generated by org.testng.reporters.JUnitReportReporter -->
<testsuite hostname="DESKTOP-LS9633R" failures="0" tests="1" name="Demo.Demo5" time="2.408" errors="0" timestamp="2024-12-04T17:37:32 IST" skipped="0">
  <testcase classname="Demo.Demo5" name="user" time="2.408"/>
</testsuite> <!-- Demo.Demo5 -->
