<?xml version="1.0" encoding="UTF-8"?>
<!-- Generated by org.testng.reporters.JUnitReportReporter -->
<testsuite hostname="DESKTOP-LS9633R" failures="0" tests="1" name="Demo2" time="2.287" errors="0" timestamp="2024-12-04T11:44:30 IST" skipped="0">
  <testcase classname="Demo2" name="f" time="2.287"/>
</testsuite> <!-- Demo2 -->
